Determining if the pthread_create exist failed with the following output:
Change Dir: /home/marceloazevedo/Unicamp/unicamp/2s2015/mc658/lab4/lemon/lemon-1.3.1/build/CMakeFiles/CMakeTmp

Run Build Command:"/usr/bin/make" "cmTryCompileExec2860112057/fast"
/usr/bin/make -f CMakeFiles/cmTryCompileExec2860112057.dir/build.make CMakeFiles/cmTryCompileExec2860112057.dir/build
make[1]: Entering directory `/home/marceloazevedo/Unicamp/unicamp/2s2015/mc658/lab4/lemon/lemon-1.3.1/build/CMakeFiles/CMakeTmp'
/usr/bin/cmake -E cmake_progress_report /home/marceloazevedo/Unicamp/unicamp/2s2015/mc658/lab4/lemon/lemon-1.3.1/build/CMakeFiles/CMakeTmp/CMakeFiles 1
Building C object CMakeFiles/cmTryCompileExec2860112057.dir/CheckSymbolExists.c.o
/usr/bin/cc    -o CMakeFiles/cmTryCompileExec2860112057.dir/CheckSymbolExists.c.o   -c /home/marceloazevedo/Unicamp/unicamp/2s2015/mc658/lab4/lemon/lemon-1.3.1/build/CMakeFiles/CMakeTmp/CheckSymbolExists.c
Linking C executable cmTryCompileExec2860112057
/usr/bin/cmake -E cmake_link_script CMakeFiles/cmTryCompileExec2860112057.dir/link.txt --verbose=1
/usr/bin/cc       CMakeFiles/cmTryCompileExec2860112057.dir/CheckSymbolExists.c.o  -o cmTryCompileExec2860112057 -rdynamic 
CMakeFiles/cmTryCompileExec2860112057.dir/CheckSymbolExists.c.o: In function `main':
CheckSymbolExists.c:(.text+0x16): undefined reference to `pthread_create'
collect2: error: ld returned 1 exit status
make[1]: *** [cmTryCompileExec2860112057] Error 1
make[1]: Leaving directory `/home/marceloazevedo/Unicamp/unicamp/2s2015/mc658/lab4/lemon/lemon-1.3.1/build/CMakeFiles/CMakeTmp'
make: *** [cmTryCompileExec2860112057/fast] Error 2

File /home/marceloazevedo/Unicamp/unicamp/2s2015/mc658/lab4/lemon/lemon-1.3.1/build/CMakeFiles/CMakeTmp/CheckSymbolExists.c:
/* */
#include <pthread.h>

int main(int argc, char** argv)
{
  (void)argv;
#ifndef pthread_create
  return ((int*)(&pthread_create))[argc];
#else
  (void)argc;
  return 0;
#endif
}

Determining if the function pthread_create exists in the pthreads failed with the following output:
Change Dir: /home/marceloazevedo/Unicamp/unicamp/2s2015/mc658/lab4/lemon/lemon-1.3.1/build/CMakeFiles/CMakeTmp

Run Build Command:"/usr/bin/make" "cmTryCompileExec2474201697/fast"
/usr/bin/make -f CMakeFiles/cmTryCompileExec2474201697.dir/build.make CMakeFiles/cmTryCompileExec2474201697.dir/build
make[1]: Entering directory `/home/marceloazevedo/Unicamp/unicamp/2s2015/mc658/lab4/lemon/lemon-1.3.1/build/CMakeFiles/CMakeTmp'
/usr/bin/cmake -E cmake_progress_report /home/marceloazevedo/Unicamp/unicamp/2s2015/mc658/lab4/lemon/lemon-1.3.1/build/CMakeFiles/CMakeTmp/CMakeFiles 1
Building C object CMakeFiles/cmTryCompileExec2474201697.dir/CheckFunctionExists.c.o
/usr/bin/cc   -DCHECK_FUNCTION_EXISTS=pthread_create   -o CMakeFiles/cmTryCompileExec2474201697.dir/CheckFunctionExists.c.o   -c /usr/share/cmake-3.2/Modules/CheckFunctionExists.c
Linking C executable cmTryCompileExec2474201697
/usr/bin/cmake -E cmake_link_script CMakeFiles/cmTryCompileExec2474201697.dir/link.txt --verbose=1
/usr/bin/cc   -DCHECK_FUNCTION_EXISTS=pthread_create    CMakeFiles/cmTryCompileExec2474201697.dir/CheckFunctionExists.c.o  -o cmTryCompileExec2474201697 -rdynamic -lpthreads 
/usr/bin/ld: cannot find -lpthreads
collect2: error: ld returned 1 exit status
make[1]: *** [cmTryCompileExec2474201697] Error 1
make[1]: Leaving directory `/home/marceloazevedo/Unicamp/unicamp/2s2015/mc658/lab4/lemon/lemon-1.3.1/build/CMakeFiles/CMakeTmp'
make: *** [cmTryCompileExec2474201697/fast] Error 2


